<?xml version="1.0" encoding="UTF-8"?>
<testng-results ignored="0" total="1" passed="1" failed="0" skipped="0">
  <reporter-output>
  </reporter-output>
  <suite started-at="2023-10-05T01:38:20Z" name="Default suite" finished-at="2023-10-05T01:38:23Z" duration-ms="3112">
    <groups>
    </groups>
    <test started-at="2023-10-05T01:38:20Z" name="Default test" finished-at="2023-10-05T01:38:23Z" duration-ms="3112">
      <class name="PruebaTestNG.NewTest">
        <test-method signature="f()[pri:0, instance:PruebaTestNG.NewTest@4671115f]" started-at="2023-10-04T20:38:20Z" name="f" finished-at="2023-10-04T20:38:23Z" duration-ms="3101" status="PASS">
          <reporter-output>
          </reporter-output>
        </test-method> <!-- f -->
      </class> <!-- PruebaTestNG.NewTest -->
    </test> <!-- Default test -->
  </suite> <!-- Default suite -->
</testng-results>
